  0.083 (0.000): C3451: pc: 02000000 Decode: AUIPC r0=0x00000000, r9=0x00000000, imm=0xfe901000
  0.083 (0.000): C3454: pc: 02000004 Decode: ADDI r3=0x00901000, r0=0x00000000, imm=0xfffff800
  0.083 (0.000): C3457: pc: 02000008 Decode: AUIPC r0=0x00000000, r9=0x00000000, imm=0xfe900000
  0.083 (0.000): C3460: pc: 0200000c Decode: ADDI r2=0x00900008, r20=0x00000000, imm=0xfffffff4
  0.083 (0.000): C3463: pc: 02000010 Decode: AUIPC r0=0x00000000, r9=0x00000000, imm=0xfe900000
  0.083 (0.000): C3466: pc: 02000014 Decode: ADDI r10=0x00900010, r0=0x00000000, imm=0x00000020
  0.083 (0.000): C3469: pc: 02000018 Decode: JAL r0=0x00000000, r24=0x00000000, imm=0x00000038
  0.083 (0.000): C3472: pc: 02000050 Decode: ADDI r2=0x008ffffc, r16=0x00000000, imm=0xffffffd0
  0.083 (0.000): C3475: pc: 02000054 Decode: SW r2=0x008fffcc, r1=0x0200001c, imm=0x0000002c
  0.083 (0.000): C3478: pc: 02000058 Decode: SW r2=0x008fffcc, r8=0x00000000, imm=0x00000028
  0.083 (0.000): C3481: pc: 0200005c Decode: LUI r0=0x00000000, r0=0x00000000, imm=0x00000000
  0.083 (0.000): C3484: pc: 02000060 Decode: LW r11=0x00000000, r16=0x00000000, imm=0x00000050
  0.083 (0.000): C3487: pc: 02000064 Decode: ADDI r10=0x00900030, r0=0x00000000, imm=0x00000000
  0.083 (0.000): C3490: pc: 02000068 Decode: LUI r0=0x00000000, r9=0x00000000, imm=0x00900000
  0.083 (0.000): C3493: pc: 0200006c Decode: ADDI r10=0x00900000, r4=0x00000000, imm=0x00000004
  0.083 (0.000): C3496: pc: 02000070 Decode: ADDI r0=0x00000000, r0=0x00000000, imm=0x00000000
  0.083 (0.000): C3499: pc: 02000074 Decode: AUIPC r0=0x00000000, r0=0x00000000, imm=0x00003000
  0.083 (0.000): C3502: pc: 02000078 Decode: JALR r1=0x02003074, r0=0x00000000, imm=0xfffff980
  0.083 (0.000): C3505: pc: 020029f4 Decode: AUIPC r0=0x00000000, r0=0x00000000, imm=0x00000000
  0.083 (0.000): C3508: pc: 020029f8 Decode: JALR r6=0x020029f4, r12=0x00000000, imm=0x000000ec
  0.083 (0.000): C3511: pc: 02002ae0 Decode: ADDI r0=0x00000000, r15=0x00000000, imm=0x0000000f
  0.083 (0.000): C3514: pc: 02002ae4 Decode: BGEU r13=0x0000000f, r12=0x00000000, imm=0x0000005c
  0.083 (0.000): C3517: pc: 02002b40 Decode: ADDI r10=0x00900004, r0=0x00000000, imm=0x00000000
  0.083 (0.000): C3520: pc: 02002b44 Decode: BEQ r12=0x00000000, r0=0x00000000, imm=0x00000014
  0.083 (0.000): C3523: pc: 02002b58 Decode: JALR r1=0x0200007c, r0=0x00000000, imm=0x00000000
  0.083 (0.000): C3526: pc: 0200007c Decode: ADDI r2=0x008fffcc, r24=0x00000000, imm=0x00000018
  0.084 (0.000): C3529: pc: 02000080 Decode: LUI r0=0x00000000, r31=0x00000000, imm=0x03f00000
  0.084 (0.000): C3532: pc: 02000084 Decode: LUI r8=0x00900030, r0=0x00000000, imm=0x00040000
  0.084 (0.000): C3535: pc: 02000088 Decode: AUIPC r0=0x00000000, r0=0x00000000, imm=0x00001000
  0.084 (0.000): C3538: pc: 0200008c Decode: JALR r1=0x02001088, r16=0x00000000, imm=0xfffffbd0
  0.084 (0.000): C3541: pc: 02000c58 Decode: SW r10=0x008fffe4, r11=0x03f00000, imm=0x00000000
  0.084 (0.000): C3544: pc: 02000c5c Decode: SW r10=0x008fffe4, r12=0x00040000, imm=0x00000004
  0.084 (0.000): C3547: pc: 02000c60 Decode: SW r10=0x008fffe4, r0=0x00000000, imm=0x00000008
  0.084 (0.000): C3550: pc: 02000c64 Decode: JALR r1=0x02000090, r0=0x00000000, imm=0x00000000
  0.084 (0.000): C3553: pc: 02000090 Decode: ADDI r2=0x008fffcc, r0=0x00000000, imm=0x00000000
  0.084 (0.000): C3556: pc: 02000094 Decode: LUI r0=0x00000000, r11=0x03f00000, imm=0x02b00000
  0.084 (0.000): C3559: pc: 02000098 Decode: LUI r0=0x00000000, r5=0x00000000, imm=0x00500000
  0.084 (0.000): C3562: pc: 0200009c Decode: AUIPC r0=0x00000000, r0=0x00000000, imm=0x00001000
  0.084 (0.000): C3565: pc: 020000a0 Decode: JALR r1=0x0200109c, r28=0x00000000, imm=0xfffffbbc
  0.084 (0.000): C3568: pc: 02000c58 Decode: SW r10=0x008fffcc, r11=0x02b00000, imm=0x00000000
  0.084 (0.000): C3571: pc: 02000c5c Decode: SW r10=0x008fffcc, r12=0x00500000, imm=0x00000004
  0.084 (0.000): C3574: pc: 02000c60 Decode: SW r10=0x008fffcc, r0=0x00000000, imm=0x00000008
  0.084 (0.000): C3577: pc: 02000c64 Decode: JALR r1=0x020000a4, r0=0x00000000, imm=0x00000000
  0.084 (0.000): C3580: pc: 020000a4 Decode: LW r2=0x008fffcc, r24=0x00000000, imm=0x00000018
  0.084 (0.000): C3583: pc: 020000a8 Decode: SW r2=0x008fffcc, r10=0x03f00000, imm=0x0000000c
  0.084 (0.000): C3586: pc: 020000ac Decode: LW r2=0x008fffcc, r0=0x00000000, imm=0x00000000
  0.084 (0.000): C3589: pc: 020000b0 Decode: LW r2=0x008fffcc, r28=0x00000000, imm=0x0000001c
  0.084 (0.000): C3592: pc: 020000b4 Decode: LUI r0=0x00000000, r9=0x00000000, imm=0x00900000
  0.084 (0.000): C3595: pc: 020000b8 Decode: LW r2=0x008fffcc, r4=0x00000000, imm=0x00000004
  0.084 (0.000): C3598: pc: 020000bc Decode: SW r13=0x00900000, r11=0x02b00000, imm=0x00000008
  0.084 (0.000): C3601: pc: 020000c0 Decode: LW r2=0x008fffcc, r8=0x00900030, imm=0x00000008
  0.084 (0.000): C3604: pc: 020000c4 Decode: ADDI r13=0x00900000, r8=0x00900030, imm=0x00000008
  0.084 (0.000): C3607: pc: 020000c8 Decode: SW r13=0x00900008, r14=0x00500000, imm=0x00000004
  0.084 (0.000): C3610: pc: 020000cc Decode: LW r2=0x008fffcc, r0=0x00000000, imm=0x00000020
  0.084 (0.000): C3613: pc: 020000d0 Decode: SW r13=0x00900008, r11=0x00000000, imm=0x00000008
  0.084 (0.000): C3616: pc: 020000d4 Decode: SW r13=0x00900008, r10=0x03f00000, imm=0x0000000c
  0.085 (0.000): C3619: pc: 020000d8 Decode: SW r13=0x00900008, r12=0x00040000, imm=0x00000010
  0.085 (0.000): C3622: pc: 020000dc Decode: SW r13=0x00900008, r14=0x00000000, imm=0x00000014
  0.085 (0.000): C3625: pc: 020000e0 Decode: SW r13=0x00900008, r0=0x00000000, imm=0x00000018
  0.085 (0.000): C3628: pc: 020000e4 Decode: SW r13=0x00900008, r0=0x00000000, imm=0x0000001c
  0.085 (0.000): C3631: pc: 020000e8 Decode: SW r13=0x00900008, r0=0x00000000, imm=0x00000020
  0.085 (0.000): C3634: pc: 020000ec Decode: AUIPC r0=0x00000000, r0=0x00000000, imm=0x00000000
  0.085 (0.000): C3637: pc: 020000f0 Decode: JALR r1=0x020000ec, r24=0x00000000, imm=0x00000138
  0.085 (0.000): C3640: pc: 02000224 Decode: ADDI r2=0x008fffcc, r0=0x00000000, imm=0xffffffe0
  0.085 (0.000): C3643: pc: 02000228 Decode: SW r2=0x008fffac, r1=0x020000f4, imm=0x0000001c
  0.085 (0.000): C3646: pc: 0200022c Decode: SW r2=0x008fffac, r8=0x00900030, imm=0x00000018
  0.085 (0.000): C3649: pc: 02000230 Decode: SW r2=0x008fffac, r9=0x00000000, imm=0x00000014
  0.085 (0.000): C3652: pc: 02000234 Decode: SW r2=0x008fffac, r18=0x00000000, imm=0x00000010
  0.085 (0.000): C3655: pc: 02000238 Decode: LUI r0=0x00000000, r9=0x00000000, imm=0x00900000
  0.085 (0.000): C3658: pc: 0200023c Decode: ADDI r10=0x00900000, r8=0x00900030, imm=0x00000008
  0.085 (0.000): C3661: pc: 02000240 Decode: ADDI r8=0x00900008, r0=0x00000000, imm=0x00000000
  0.085 (0.000): C3664: pc: 02000244 Decode: AUIPC r0=0x00000000, r0=0x00000000, imm=0x00000000
  0.085 (0.000): C3667: pc: 02000248 Decode: JALR r1=0x02000244, r8=0x00900008, imm=0x00000308
  0.085 (0.000): C3670: pc: 0200054c Decode: ADDI r2=0x008fffac, r16=0x00000000, imm=0xfffffff0
  0.085 (0.000): C3673: pc: 02000550 Decode: SW r2=0x008fff9c, r1=0x0200024c, imm=0x0000000c
  0.085 (0.000): C3676: pc: 02000554 Decode: SW r2=0x008fff9c, r8=0x00900008, imm=0x00000008
  0.085 (0.000): C3679: pc: 02000558 Decode: SW r2=0x008fff9c, r9=0x00000000, imm=0x00000004
  0.085 (0.000): C3682: pc: 0200055c Decode: ADDI r10=0x00900008, r0=0x00000000, imm=0x00000000
  0.085 (0.000): C3685: pc: 02000560 Decode: LW r10=0x00900008, r0=0x00000000, imm=0x00000020
  0.085 (0.000): C3688: pc: 02000564 Decode: ADDI r8=0x00900008, r0=0x00000000, imm=0x00000020
  0.085 (0.000): C3691: pc: 02000568 Decode: BNE r10=0x00000000, r0=0x00000000, imm=0x0000005c
  0.085 (0.000): C3694: pc: 0200056c Decode: LUI r0=0x00000000, r31=0x00000000, imm=0x01f00000
  0.085 (0.000): C3697: pc: 02000570 Decode: SW r10=0x01f00000, r0=0x00000000, imm=0x00000014
  0.085 (0.000): C3700: pc: 02000574 Decode: SW r10=0x01f00000, r0=0x00000000, imm=0x00000018
  0.085 (0.000): C3703: pc: 02000578 Decode: LUI r0=0x00000000, r0=0x00000000, imm=0x02003000
  0.086 (0.000): C3706: pc: 0200057c Decode: ADDI r11=0x02003000, r24=0x00000000, imm=0xfffffc98
  0.086 (0.000): C3709: pc: 02000580 Decode: SW r10=0x01f00000, r11=0x02002c98, imm=0x0000001c
  0.086 (0.000): C3712: pc: 02000584 Decode: LW r8=0x00900008, r28=0x00000000, imm=0x0000001c
  0.086 (0.000): C3715: pc: 02000588 Decode: SLLI r10=0x00000000, r2=0x008fff9c, imm=0x00000002
  0.086 (0.000): C3718: pc: 0200058c Decode: LUI r0=0x00000000, r30=0x00000000, imm=0x01e00000
  0.086 (0.000): C3721: pc: 02000590 Decode: ADD r11=0x00000000, r12=0x01e00000, imm=0x00000000
  0.086 (0.000): C3724: pc: 02000594 Decode: LW r11=0x01e00000, r0=0x00000000, imm=0x00000000
  0.086 (0.000): C3727: pc: 02000598 Decode: ADDI r10=0x00000000, r1=0x0200024c, imm=0x00000001
  0.086 (0.000): C3730: pc: 0200059c Decode: ADDI r11=0x00000010, r3=0x00900800, imm=0x00000003
  0.086 (0.000): C3733: pc: 020005a0 Decode: SRLI r10=0x00000013, r2=0x008fff9c, imm=0x00000002
  0.086 (0.000): C3736: pc: 020005a4 Decode: SLLI r13=0x00000001, r2=0x008fff9c, imm=0x00000002
  0.086 (0.000): C3739: pc: 020005a8 Decode: ADD r10=0x00000004, r12=0x01e00000, imm=0x00000000
  0.086 (0.000): C3742: pc: 020005ac Decode: ADD r11=0x00000004, r13=0x00000001, imm=0x00000000
  0.086 (0.000): C3745: pc: 020005b0 Decode: SW r8=0x00900008, r12=0x00000005, imm=0x0000001c
  0.086 (0.000): C3748: pc: 020005b4 Decode: AUIPC r0=0x00000000, r0=0x00000000, imm=0x00000000
  0.086 (0.000): C3751: pc: 020005b8 Decode: JALR r1=0x020005b4, r20=0x00000000, imm=0x000006b4
  0.086 (0.000): C3754: pc: 02000c68 Decode: JALR r1=0x020005bc, r0=0x00000000, imm=0x00000000
  0.086 (0.000): C3757: pc: 020005bc Decode: SW r8=0x00900008, r10=0x01e00004, imm=0x00000020
  0.086 (0.000): C3760: pc: 020005c0 Decode: SW r8=0x00900008, r11=0x00000004, imm=0x00000024
  0.086 (0.000): C3763: pc: 020005c4 Decode: ADDI r9=0x00900028, r0=0x00000000, imm=0x00000000
  0.086 (0.000): C3766: pc: 020005c8 Decode: LW r2=0x008fff9c, r12=0x00000005, imm=0x0000000c
  0.086 (0.000): C3769: pc: 020005cc Decode: LW r2=0x008fff9c, r8=0x00900008, imm=0x00000008
  0.086 (0.000): C3772: pc: 020005d0 Decode: LW r2=0x008fff9c, r4=0x00000000, imm=0x00000004
  0.086 (0.000): C3775: pc: 020005d4 Decode: ADDI r2=0x008fff9c, r16=0x00000000, imm=0x00000010
  0.086 (0.000): C3778: pc: 020005d8 Decode: JALR r1=0x0200024c, r0=0x00000000, imm=0x00000000
  0.086 (0.000): C3781: pc: 0200024c Decode: ADDI r10=0x00900028, r0=0x00000000, imm=0x00000000
  0.086 (0.000): C3784: pc: 02000250 Decode: ADDI r2=0x008fffac, r0=0x00000000, imm=0x00000000
  0.086 (0.000): C3787: pc: 02000254 Decode: AUIPC r0=0x00000000, r0=0x00000000, imm=0x00001000
  0.087 (0.000): C3790: pc: 02000258 Decode: JALR r1=0x02001254, r24=0x00000000, imm=0xfffffa18
  0.087 (0.000): C3793: pc: 02000c6c Decode: LW r11=0x00900028, r4=0x00000000, imm=0x00000004
  0.087 (0.000): C3796: pc: 02000c70 Decode: ADDI r0=0x00000000, r1=0x0200025c, imm=0x00000001
  0.087 (0.000): C3799: pc: 02000c74 Decode: BGEU r12=0x00000001, r13=0x00000004, imm=0x00000030
  0.087 (0.000): C3802: pc: 02000c78 Decode: LW r11=0x00900028, r0=0x00000000, imm=0x00000000
  0.087 (0.000): C3805: pc: 02000c7c Decode: ADDI r12=0x01e00004, r8=0x00900008, imm=0x00000008
  0.087 (0.000): C3808: pc: 02000c80 Decode: ADDI r13=0x00000004, r30=0x00000000, imm=0xfffffffe
  0.087 (0.000): C3811: pc: 02000c84 Decode: SW r11=0x00900028, r14=0x01e0000c, imm=0x00000000
  0.087 (0.000): C3814: pc: 02000c88 Decode: SW r11=0x00900028, r13=0x00000002, imm=0x00000004
  0.087 (0.000): C3817: pc: 02000c8c Decode: LW r12=0x01e00004, r4=0x00000000, imm=0x00000004
  0.087 (0.000): C3820: pc: 02000c90 Decode: LW r12=0x01e00004, r0=0x00000000, imm=0x00000000
  0.087 (0.000): C3823: pc: 02000c94 Decode: SW r10=0x008fffac, r11=0x00000000, imm=0x0000000c
  0.087 (0.000): C3826: pc: 02000c98 Decode: SW r10=0x008fffac, r13=0x00000011, imm=0x00000008
  0.087 (0.000): C3829: pc: 02000c9c Decode: SB r10=0x008fffac, r0=0x00000000, imm=0x00000000
  0.087 (0.000): C3832: pc: 02000ca0 Decode: JALR r1=0x0200025c, r0=0x00000000, imm=0x00000000
  0.087 (0.000): C3835: pc: 0200025c Decode: LBU r2=0x008fffac, r0=0x00000000, imm=0x00000000
  0.087 (0.000): C3838: pc: 02000260 Decode: BNE r10=0x00000000, r0=0x00000000, imm=0x0000007c
  0.087 (0.000): C3841: pc: 02000264 Decode: LW r2=0x008fffac, r12=0x01e00004, imm=0x0000000c
  0.087 (0.000): C3844: pc: 02000268 Decode: LW r2=0x008fffac, r8=0x00900008, imm=0x00000008
  0.087 (0.000): C3847: pc: 0200026c Decode: ADDI r8=0x00900008, r0=0x00000000, imm=0x00000000
  0.087 (0.000): C3850: pc: 02000270 Decode: AUIPC r0=0x00000000, r0=0x00000000, imm=0x00000000
  0.087 (0.000): C3853: pc: 02000274 Decode: JALR r1=0x02000270, r28=0x00000000, imm=0x000002dc
  0.087 (0.000): C3856: pc: 0200054c Decode: ADDI r2=0x008fffac, r16=0x00000000, imm=0xfffffff0
  0.087 (0.000): C3859: pc: 02000550 Decode: SW r2=0x008fff9c, r1=0x02000278, imm=0x0000000c
  0.087 (0.000): C3862: pc: 02000554 Decode: SW r2=0x008fff9c, r8=0x00900008, imm=0x00000008
  0.087 (0.000): C3865: pc: 02000558 Decode: SW r2=0x008fff9c, r9=0x00000011, imm=0x00000004
  0.087 (0.000): C3868: pc: 0200055c Decode: ADDI r10=0x00900008, r0=0x00000000, imm=0x00000000
  0.087 (0.000): C3871: pc: 02000560 Decode: LW r10=0x00900008, r0=0x00000000, imm=0x00000020
  0.087 (0.000): C3874: pc: 02000564 Decode: ADDI r8=0x00900008, r0=0x00000000, imm=0x00000020
  0.087 (0.000): C3877: pc: 02000568 Decode: BNE r10=0x01e0000c, r0=0x00000000, imm=0x0000005c
  0.087 (0.000): C3880: pc: 020005c4 Decode: ADDI r9=0x00900028, r0=0x00000000, imm=0x00000000
  0.088 (0.000): C3883: pc: 020005c8 Decode: LW r2=0x008fff9c, r12=0x01e00004, imm=0x0000000c
  0.088 (0.000): C3886: pc: 020005cc Decode: LW r2=0x008fff9c, r8=0x00900008, imm=0x00000008
  0.088 (0.000): C3889: pc: 020005d0 Decode: LW r2=0x008fff9c, r4=0x00000000, imm=0x00000004
  0.088 (0.000): C3892: pc: 020005d4 Decode: ADDI r2=0x008fff9c, r16=0x00000000, imm=0x00000010
  0.088 (0.000): C3895: pc: 020005d8 Decode: JALR r1=0x02000278, r0=0x00000000, imm=0x00000000
  0.088 (0.000): C3898: pc: 02000278 Decode: ADDI r10=0x00900028, r0=0x00000000, imm=0x00000000
  0.088 (0.000): C3901: pc: 0200027c Decode: ADDI r2=0x008fffac, r0=0x00000000, imm=0x00000000
  0.088 (0.000): C3904: pc: 02000280 Decode: AUIPC r0=0x00000000, r0=0x00000000, imm=0x00001000
  0.088 (0.000): C3907: pc: 02000284 Decode: JALR r1=0x02001280, r12=0x01e00004, imm=0xfffff9ec
  0.088 (0.000): C3910: pc: 02000c6c Decode: LW r11=0x00900028, r4=0x00000000, imm=0x00000004
  0.088 (0.000): C3913: pc: 02000c70 Decode: ADDI r0=0x00000000, r1=0x02000288, imm=0x00000001
  0.088 (0.000): C3916: pc: 02000c74 Decode: BGEU r12=0x00000001, r13=0x00000002, imm=0x00000030
  0.088 (0.000): C3919: pc: 02000c78 Decode: LW r11=0x00900028, r0=0x00000000, imm=0x00000000
  0.088 (0.000): C3922: pc: 02000c7c Decode: ADDI r12=0x01e0000c, r8=0x00900008, imm=0x00000008
  0.088 (0.000): C3925: pc: 02000c80 Decode: ADDI r13=0x00000002, r30=0x00000000, imm=0xfffffffe
  0.088 (0.000): C3928: pc: 02000c84 Decode: SW r11=0x00900028, r14=0x01e00014, imm=0x00000000
  0.088 (0.000): C3931: pc: 02000c88 Decode: SW r11=0x00900028, r13=0x00000000, imm=0x00000004
  0.088 (0.000): C3934: pc: 02000c8c Decode: LW r12=0x01e0000c, r4=0x00000000, imm=0x00000004
  0.088 (0.000): C3937: pc: 02000c90 Decode: LW r12=0x01e0000c, r0=0x00000000, imm=0x00000000
  0.088 (0.000): C3940: pc: 02000c94 Decode: SW r10=0x008fffac, r11=0x00000000, imm=0x0000000c
  0.088 (0.000): C3943: pc: 02000c98 Decode: SW r10=0x008fffac, r13=0x00000017, imm=0x00000008
  0.088 (0.000): C3946: pc: 02000c9c Decode: SB r10=0x008fffac, r0=0x00000000, imm=0x00000000
  0.088 (0.000): C3949: pc: 02000ca0 Decode: JALR r1=0x02000288, r0=0x00000000, imm=0x00000000
  0.088 (0.000): C3952: pc: 02000288 Decode: LBU r2=0x008fffac, r0=0x00000000, imm=0x00000000
  0.088 (0.000): C3955: pc: 0200028c Decode: BNE r10=0x00000000, r0=0x00000000, imm=0x00000050
  0.088 (0.000): C3958: pc: 02000290 Decode: LW r2=0x008fffac, r8=0x00900008, imm=0x00000008
  0.088 (0.000): C3961: pc: 02000294 Decode: LW r2=0x008fffac, r12=0x01e0000c, imm=0x0000000c
  0.088 (0.000): C3964: pc: 02000298 Decode: MULU r10=0x00000017, r9=0x00000011, imm=0x00000000
  0.088 (0.000): C3967: pc: 0200029c Decode: MUL r10=0x00000017, r18=0x00000000, imm=0x00000000
  0.089 (0.000): C3970: pc: 020002a0 Decode: ADD r12=0x00000000, r13=0x00000000, imm=0x00000000
  0.089 (0.000): C3973: pc: 020002a4 Decode: MUL r11=0x00000000, r9=0x00000011, imm=0x00000000
  0.089 (0.000): C3976: pc: 020002a8 Decode: ADD r12=0x00000000, r11=0x00000000, imm=0x00000000
  0.089 (0.000): C3979: pc: 020002ac Decode: MUL r10=0x00000017, r9=0x00000011, imm=0x00000000
  0.089 (0.000): C3982: pc: 020002b0 Decode: SW r2=0x008fffac, r10=0x00000187, imm=0x00000000
  0.089 (0.000): C3985: pc: 020002b4 Decode: SW r2=0x008fffac, r11=0x00000000, imm=0x00000004
  0.089 (0.000): C3988: pc: 020002b8 Decode: ADDI r2=0x008fffac, r0=0x00000000, imm=0x00000000
  0.089 (0.000): C3991: pc: 020002bc Decode: AUIPC r0=0x00000000, r0=0x00000000, imm=0x00000000
  0.089 (0.000): C3994: pc: 020002c0 Decode: JALR r1=0x020002bc, r16=0x00000000, imm=0xfffffe50
  0.089 (0.000): C3997: pc: 0200010c Decode: ADDI r2=0x008fffac, r0=0x00000000, imm=0xffffffe0
  0.089 (0.000): C4000: pc: 02000110 Decode: SW r2=0x008fff8c, r1=0x020002c4, imm=0x0000001c
  0.089 (0.000): C4003: pc: 02000114 Decode: SW r2=0x008fff8c, r8=0x00900008, imm=0x00000018
  0.089 (0.000): C4006: pc: 02000118 Decode: SW r2=0x008fff8c, r9=0x00000011, imm=0x00000014
  0.089 (0.000): C4009: pc: 0200011c Decode: SW r2=0x008fff8c, r18=0x00000000, imm=0x00000010
  0.089 (0.000): C4012: pc: 02000120 Decode: LW r10=0x008fffac, r4=0x00000000, imm=0x00000004
  0.089 (0.000): C4015: pc: 02000124 Decode: LW r10=0x008fffac, r0=0x00000000, imm=0x00000000
  0.089 (0.000): C4018: pc: 02000128 Decode: LUI r0=0x00000000, r9=0x00000011, imm=0x00900000
  0.089 (0.000): C4021: pc: 0200012c Decode: ADDI r10=0x00900000, r20=0x00000000, imm=0x00000014
  0.089 (0.000): C4024: pc: 02000130 Decode: ADDI r9=0x00900014, r0=0x00000000, imm=0x00000000
  0.089 (0.000): C4027: pc: 02000134 Decode: AUIPC r0=0x00000000, r0=0x00000000, imm=0x00001000
  0.089 (0.000): C4030: pc: 02000138 Decode: JALR r1=0x02001134, r24=0x00000000, imm=0xfffffa98
  0.089 (0.000): C4033: pc: 02000bcc Decode: LW r10=0x00900014, r8=0x00000000, imm=0x00000008
  0.089 (0.000): C4036: pc: 02000bd0 Decode: LW r10=0x00900014, r4=0x00000000, imm=0x00000004
  0.089 (0.000): C4039: pc: 02000bd4 Decode: ADDI r0=0x00000000, r6=0x020029f4, imm=0x00000006
  0.091 (0.001): C4042: pc: 02000bd8 Decode: BGEU r13=0x00000000, r14=0x00040000, imm=0x00000020
  0.091 (0.000): C4045: pc: 02000bdc Decode: LW r10=0x00900014, r0=0x00000000, imm=0x00000000
  0.091 (0.000): C4048: pc: 02000be0 Decode: SLLI r13=0x00000000, r2=0x008fff8c, imm=0x00000002
  0.091 (0.000): C4051: pc: 02000be4 Decode: ADD r12=0x03f00000, r14=0x00000000, imm=0x00000000
  0.091 (0.000): C4054: pc: 02000be8 Decode: SW r12=0x03f00000, r11=0x00000187, imm=0x00000000
  0.091 (0.000): C4057: pc: 02000bec Decode: ADDI r13=0x00000000, r1=0x0200013c, imm=0x00000001
  0.091 (0.000): C4060: pc: 02000bf0 Decode: SW r10=0x00900014, r11=0x00000001, imm=0x00000008
  0.091 (0.000): C4063: pc: 02000bf4 Decode: ADDI r0=0x00000000, r7=0x00000000, imm=0x00000007
  0.091 (0.000): C4066: pc: 02000bf8 Decode: ADDI r12=0x00000007, r0=0x00000000, imm=0x00000000
  0.091 (0.000): C4069: pc: 02000bfc Decode: JALR r1=0x0200013c, r0=0x00000000, imm=0x00000000
  0.091 (0.000): C4072: pc: 0200013c Decode: ANDI r10=0x00000007, r31=0x00000000, imm=0x000000ff
  0.091 (0.000): C4075: pc: 02000140 Decode: ADDI r0=0x00000000, r7=0x00000000, imm=0x00000007
  0.091 (0.000): C4078: pc: 02000144 Decode: BNE r10=0x00000007, r18=0x00000007, imm=0x00000078
  0.091 (0.000): C4081: pc: 02000148 Decode: ADDI r9=0x00900014, r0=0x00000000, imm=0x00000000
  0.091 (0.000): C4084: pc: 0200014c Decode: ADDI r8=0x00000000, r0=0x00000000, imm=0x00000000
  0.091 (0.000): C4087: pc: 02000150 Decode: AUIPC r0=0x00000000, r0=0x00000000, imm=0x00001000
  0.091 (0.000): C4090: pc: 02000154 Decode: JALR r1=0x02001150, r28=0x00000000, imm=0xfffffa7c
  0.091 (0.000): C4093: pc: 02000bcc Decode: LW r10=0x00900014, r8=0x00000000, imm=0x00000008
  0.091 (0.000): C4096: pc: 02000bd0 Decode: LW r10=0x00900014, r4=0x00000000, imm=0x00000004
  0.091 (0.000): C4099: pc: 02000bd4 Decode: ADDI r0=0x00000000, r6=0x020029f4, imm=0x00000006
  0.091 (0.000): C4102: pc: 02000bd8 Decode: BGEU r13=0x00000001, r14=0x00040000, imm=0x00000020
  0.091 (0.000): C4105: pc: 02000bdc Decode: LW r10=0x00900014, r0=0x00000000, imm=0x00000000
  0.092 (0.000): C4108: pc: 02000be0 Decode: SLLI r13=0x00000001, r2=0x008fff8c, imm=0x00000002
  0.092 (0.000): C4111: pc: 02000be4 Decode: ADD r12=0x03f00000, r14=0x00000004, imm=0x00000000
  0.092 (0.000): C4114: pc: 02000be8 Decode: SW r12=0x03f00004, r11=0x00000000, imm=0x00000000
  0.092 (0.000): C4117: pc: 02000bec Decode: ADDI r13=0x00000001, r1=0x02000158, imm=0x00000001
  0.092 (0.000): C4120: pc: 02000bf0 Decode: SW r10=0x00900014, r11=0x00000002, imm=0x00000008
  0.092 (0.000): C4123: pc: 02000bf4 Decode: ADDI r0=0x00000000, r7=0x00000000, imm=0x00000007
  0.092 (0.000): C4126: pc: 02000bf8 Decode: ADDI r12=0x00000007, r0=0x00000000, imm=0x00000000
  0.092 (0.000): C4129: pc: 02000bfc Decode: JALR r1=0x02000158, r0=0x00000000, imm=0x00000000
  0.092 (0.000): C4132: pc: 02000158 Decode: ANDI r10=0x00000007, r31=0x00000000, imm=0x000000ff
  0.092 (0.000): C4135: pc: 0200015c Decode: BNE r10=0x00000007, r18=0x00000007, imm=0x00000060
  0.092 (0.000): C4138: pc: 02000160 Decode: LUI r0=0x00000000, r9=0x00900014, imm=0x00900000
  0.092 (0.000): C4141: pc: 02000164 Decode: ADDI r10=0x00900000, r8=0x00000000, imm=0x00000008
  0.092 (0.000): C4144: pc: 02000168 Decode: ADDI r8=0x00900008, r12=0x00000007, imm=0x0000000c
  0.092 (0.000): C4147: pc: 0200016c Decode: ADDI r2=0x008fff8c, r0=0x00000000, imm=0x00000000
  0.092 (0.000): C4150: pc: 02000170 Decode: AUIPC r0=0x00000000, r0=0x00000000, imm=0x00001000
  0.092 (0.000): C4153: pc: 02000174 Decode: JALR r1=0x02001170, r16=0x00000000, imm=0xfffffa90
  0.092 (0.000): C4156: pc: 02000c00 Decode: LW r11=0x00900014, r4=0x00000000, imm=0x00000004
  0.092 (0.000): C4159: pc: 02000c04 Decode: LW r11=0x00900014, r8=0x00900008, imm=0x00000008
  0.092 (0.000): C4162: pc: 02000c08 Decode: BLTU r13=0x00040000, r12=0x00000002, imm=0x00000030
  0.092 (0.000): C4165: pc: 02000c0c Decode: LW r11=0x00900014, r0=0x00000000, imm=0x00000000
  0.092 (0.000): C4168: pc: 02000c10 Decode: SLLI r12=0x00000002, r2=0x008fff8c, imm=0x00000002
  0.092 (0.000): C4171: pc: 02000c14 Decode: ADD r14=0x03f00000, r15=0x00000008, imm=0x00000000
  0.092 (0.000): C4174: pc: 02000c18 Decode: SUB r13=0x00040000, r12=0x00000002, imm=0x00000000
  0.092 (0.000): C4177: pc: 02000c1c Decode: SW r11=0x00900014, r15=0x03f00008, imm=0x00000000
  0.092 (0.000): C4180: pc: 02000c20 Decode: SW r11=0x00900014, r13=0x0003fffe, imm=0x00000004
  0.092 (0.000): C4183: pc: 02000c24 Decode: SW r11=0x00900014, r0=0x00000000, imm=0x00000008
  0.092 (0.000): C4186: pc: 02000c28 Decode: SW r10=0x008fff8c, r14=0x03f00000, imm=0x00000004
  0.092 (0.000): C4189: pc: 02000c2c Decode: SW r10=0x008fff8c, r12=0x00000002, imm=0x00000008
  0.093 (0.000): C4192: pc: 02000c30 Decode: SB r10=0x008fff8c, r0=0x00000000, imm=0x00000000
  0.093 (0.000): C4195: pc: 02000c34 Decode: JALR r1=0x02000178, r0=0x00000000, imm=0x00000000
  0.093 (0.000): C4198: pc: 02000178 Decode: LBU r2=0x008fff8c, r0=0x00000000, imm=0x00000000
  0.093 (0.000): C4201: pc: 0200017c Decode: BNE r10=0x00000000, r0=0x00000000, imm=0x00000070
  0.093 (0.000): C4204: pc: 02000180 Decode: LW r2=0x008fff8c, r8=0x00900008, imm=0x00000008
  0.093 (0.000): C4207: pc: 02000184 Decode: LW r8=0x00900008, r24=0x00000000, imm=0x00000018
  0.093 (0.000): C4210: pc: 02000188 Decode: LW r2=0x008fff8c, r4=0x00000000, imm=0x00000004
  0.093 (0.000): C4213: pc: 0200018c Decode: ADD r11=0x00000000, r10=0x00000002, imm=0x00000000
  0.093 (0.000): C4216: pc: 02000190 Decode: SLLI r10=0x00000002, r2=0x008fff8c, imm=0x00000002
  0.093 (0.000): C4219: pc: 02000194 Decode: ADDI r0=0x00000000, r1=0x02000178, imm=0x00000001
  0.093 (0.000): C4222: pc: 02000198 Decode: SW r8=0x00900008, r14=0x00000002, imm=0x00000018
  0.093 (0.000): C4225: pc: 0200019c Decode: ADDI r8=0x00900008, r0=0x00000000, imm=0x00000000
  0.093 (0.000): C4228: pc: 020001a0 Decode: LW r2=0x008fff8c, r28=0x00000000, imm=0x0000001c
  0.093 (0.000): C4231: pc: 020001a4 Decode: LW r2=0x008fff8c, r24=0x00000000, imm=0x00000018
  0.093 (0.000): C4234: pc: 020001a8 Decode: LW r2=0x008fff8c, r20=0x00000000, imm=0x00000014
  0.093 (0.000): C4237: pc: 020001ac Decode: LW r2=0x008fff8c, r16=0x00000000, imm=0x00000010
  0.093 (0.000): C4240: pc: 020001b0 Decode: ADDI r2=0x008fff8c, r0=0x00000000, imm=0x00000020
  0.093 (0.000): C4243: pc: 020001b4 Decode: AUIPC r0=0x00000000, r0=0x00000000, imm=0x00000000
  0.093 (0.000): C4246: pc: 020001b8 Decode: JALR r6=0x020001b4, r16=0x00000000, imm=0x00000330
  0.093 (0.000): C4249: pc: 020004e4 Decode: LUI r0=0x00000000, r31=0x00000000, imm=0x01f00000
  0.093 (0.000): C4252: pc: 020004e8 Decode: SW r14=0x01f00000, r11=0x00000001, imm=0x00000014
  0.093 (0.000): C4255: pc: 020004ec Decode: SW r14=0x01f00000, r13=0x00000008, imm=0x00000018
  0.093 (0.000): C4258: pc: 020004f0 Decode: SW r14=0x01f00000, r12=0x03f00000, imm=0x0000001c
  0.093 (0.000): C4261: pc: 020004f4 Decode: LW r10=0x00900008, r28=0x00000000, imm=0x0000001c
  0.093 (0.000): C4264: pc: 020004f8 Decode: SLLI r13=0x00000005, r2=0x008fffac, imm=0x00000002
  0.093 (0.000): C4267: pc: 020004fc Decode: LUI r0=0x00000000, r30=0x00000000, imm=0x01e00000
  0.093 (0.000): C4270: pc: 02000500 Decode: ADD r11=0x00000014, r12=0x01e00000, imm=0x00000000
  0.093 (0.000): C4273: pc: 02000504 Decode: LW r11=0x01e00014, r0=0x00000000, imm=0x00000000
  0.094 (0.000): C4276: pc: 02000508 Decode: ADDI r13=0x00000005, r1=0x020002c4, imm=0x00000001
  0.094 (0.000): C4279: pc: 0200050c Decode: ADDI r11=0x00000000, r3=0x00900800, imm=0x00000003
  0.094 (0.000): C4282: pc: 02000510 Decode: ANDI r15=0x00000003, r28=0x00000000, imm=0xfffffffc
  0.094 (0.000): C4285: pc: 02000514 Decode: SRLI r15=0x00000003, r2=0x008fffac, imm=0x00000002
  0.094 (0.000): C4288: pc: 02000518 Decode: ADD r15=0x00000000, r14=0x00000006, imm=0x00000000
  0.094 (0.000): C4291: pc: 0200051c Decode: SW r10=0x00900008, r15=0x00000006, imm=0x0000001c
  0.094 (0.000): C4294: pc: 02000520 Decode: BLTU r13=0x00000000, r11=0x00000000, imm=0x00000010
  0.094 (0.000): C4297: pc: 02000524 Decode: SLLI r14=0x00000006, r2=0x008fffac, imm=0x00000002
  0.094 (0.000): C4300: pc: 02000528 Decode: ADD r10=0x00000018, r12=0x01e00000, imm=0x00000000
  0.094 (0.000): C4303: pc: 0200052c Decode: JALR r1=0x020002c4, r0=0x00000000, imm=0x00000000
  0.094 (0.000): C4306: pc: 020002c4 Decode: LW r2=0x008fffac, r28=0x00000000, imm=0x0000001c
  0.094 (0.000): C4309: pc: 020002c8 Decode: LW r2=0x008fffac, r24=0x00000000, imm=0x00000018
  0.094 (0.000): C4312: pc: 020002cc Decode: LW r2=0x008fffac, r20=0x00000000, imm=0x00000014
  0.094 (0.000): C4315: pc: 020002d0 Decode: LW r2=0x008fffac, r16=0x00000000, imm=0x00000010
  0.094 (0.000): C4318: pc: 020002d4 Decode: ADDI r2=0x008fffac, r0=0x00000000, imm=0x00000020
  0.094 (0.000): C4321: pc: 020002d8 Decode: JALR r1=0x020000f4, r0=0x00000000, imm=0x00000000
  0.094 (0.000): C4324: pc: 020000f4 Decode: ADDI r8=0x00900030, r0=0x00000000, imm=0x00000000
  0.094 (0.000): C4327: pc: 020000f8 Decode: LW r2=0x008fffcc, r12=0x01e00000, imm=0x0000002c
  0.094 (0.000): C4330: pc: 020000fc Decode: LW r2=0x008fffcc, r8=0x00900030, imm=0x00000028
  0.094 (0.000): C4333: pc: 02000100 Decode: ADDI r2=0x008fffcc, r16=0x00000000, imm=0x00000030
  0.094 (0.000): C4336: pc: 02000104 Decode: AUIPC r0=0x00000000, r0=0x00000000, imm=0x00000000
  0.094 (0.000): C4339: pc: 02000108 Decode: JALR r6=0x02000104, r4=0x00000000, imm=0x00000224
  0.094 (0.000): C4342: pc: 02000328 Decode: ADDI r2=0x008ffffc, r16=0x00000000, imm=0xffffffd0
  0.094 (0.000): C4345: pc: 0200032c Decode: SW r2=0x008fffcc, r1=0x0200001c, imm=0x0000002c
  0.094 (0.000): C4348: pc: 02000330 Decode: SW r2=0x008fffcc, r8=0x00000000, imm=0x00000028
  0.094 (0.000): C4351: pc: 02000334 Decode: SW r2=0x008fffcc, r9=0x00000000, imm=0x00000024
  0.094 (0.000): C4354: pc: 02000338 Decode: SW r2=0x008fffcc, r18=0x00000000, imm=0x00000020
  0.094 (0.000): C4357: pc: 0200033c Decode: SW r2=0x008fffcc, r19=0x00000000, imm=0x0000001c
  0.094 (0.000): C4360: pc: 02000340 Decode: SW r2=0x008fffcc, r20=0x00000000, imm=0x00000018
  0.094 (0.000): C4363: pc: 02000344 Decode: LUI r0=0x00000000, r9=0x00000000, imm=0x00900000
  0.095 (0.000): C4366: pc: 02000348 Decode: LW r11=0x00900000, r0=0x00000000, imm=0x00000020
  0.095 (0.000): C4369: pc: 0200034c Decode: ADDI r10=0x00900030, r0=0x00000000, imm=0x00000000
  0.095 (0.000): C4372: pc: 02000350 Decode: SLLI r18=0x00000002, r2=0x008fffcc, imm=0x00000002
  0.095 (0.000): C4375: pc: 02000354 Decode: SW r2=0x008fffcc, r9=0x00000008, imm=0x00000000
  0.095 (0.000): C4378: pc: 02000358 Decode: LUI r0=0x00000000, r31=0x00000000, imm=0x03f00000
  0.095 (0.000): C4381: pc: 0200035c Decode: SW r2=0x008fffcc, r10=0x03f00000, imm=0x00000004
  0.095 (0.000): C4384: pc: 02000360 Decode: ADDI r2=0x008fffcc, r0=0x00000000, imm=0x00000000
  0.095 (0.000): C4387: pc: 02000364 Decode: ADDI r2=0x008fffcc, r0=0x00000000, imm=0x00000000
  0.095 (0.000): C4390: pc: 02000368 Decode: AUIPC r0=0x00000000, r0=0x00000000, imm=0x00000000
  0.095 (0.000): C4393: pc: 0200036c Decode: JALR r1=0x02000368, r16=0x00000000, imm=0x00000710
  0.095 (0.000): C4396: pc: 02000a78 Decode: JALR r1=0x02000370, r0=0x00000000, imm=0x00000000
  0.095 (0.000): C4399: pc: 02000370 Decode: LUI r0=0x00000000, r31=0x00000000, imm=0x01f00000
  0.095 (0.000): C4402: pc: 02000374 Decode: ADDI r0=0x00000000, r8=0x00900030, imm=0x00000008
  0.095 (0.000): C4405: pc: 02000378 Decode: SW r10=0x01f00000, r19=0x008fffcc, imm=0x00000004
  0.095 (0.000): C4408: pc: 0200037c Decode: BLTU r11=0x00000008, r18=0x00000002, imm=0x00000054
  0.095 (0.000): C4411: pc: 02000380 Decode: BEQ r18=0x00000002, r0=0x00000000, imm=0x00000030
  0.095 (0.000): C4414: pc: 02000384 Decode: LUI r0=0x00000000, r31=0x00000000, imm=0x03f00000
  0.095 (0.000): C4417: pc: 02000388 Decode: ADDI r18=0x00000002, r0=0x00000000, imm=0x00000000
  0.095 (0.000): C4420: pc: 0200038c Decode: ADDI r8=0x00900030, r0=0x00000000, imm=0x00000000
  0.095 (0.000): C4423: pc: 02000390 Decode: LW r10=0x03f00000, r0=0x00000000, imm=0x00000000
  0.095 (0.000): C4426: pc: 02000394 Decode: SW r12=0x00900030, r13=0x00000187, imm=0x00000000
  0.095 (0.000): C4429: pc: 02000398 Decode: ADDI r10=0x03f00000, r4=0x00000000, imm=0x00000004
  0.095 (0.000): C4432: pc: 0200039c Decode: ADDI r11=0x00000002, r31=0x00000000, imm=0xffffffff
  0.095 (0.000): C4435: pc: 020003a0 Decode: ADDI r12=0x00900030, r4=0x00000000, imm=0x00000004
  0.095 (0.000): C4438: pc: 020003a4 Decode: BNE r11=0x00000001, r0=0x00000000, imm=0xffffffec
  0.095 (0.000): C4441: pc: 02000390 Decode: LW r10=0x03f00004, r0=0x00000000, imm=0x00000000
  0.095 (0.000): C4444: pc: 02000394 Decode: SW r12=0x00900034, r13=0x00000000, imm=0x00000000
  0.095 (0.000): C4447: pc: 02000398 Decode: ADDI r10=0x03f00004, r4=0x00000000, imm=0x00000004
  0.095 (0.000): C4450: pc: 0200039c Decode: ADDI r11=0x00000001, r31=0x00000000, imm=0xffffffff
  0.095 (0.000): C4453: pc: 020003a0 Decode: ADDI r12=0x00900034, r4=0x00000000, imm=0x00000004
  0.096 (0.000): C4456: pc: 020003a4 Decode: BNE r11=0x00000000, r0=0x00000000, imm=0xffffffec
  0.096 (0.000): C4459: pc: 020003a8 Decode: ADDI r0=0x00000000, r8=0x00900030, imm=0x00000008
  0.096 (0.000): C4462: pc: 020003ac Decode: BGEU r18=0x00000002, r10=0x00000008, imm=0x000000cc
  0.096 (0.000): C4465: pc: 020003b0 Decode: ADD r8=0x00900030, r9=0x00000008, imm=0x00000000
  0.096 (0.000): C4468: pc: 020003b4 Decode: ADDI r18=0x00000002, r24=0x00000000, imm=0xfffffff8
  0.096 (0.000): C4471: pc: 020003b8 Decode: ADDI r11=0xfffffffa, r0=0x00000000, imm=0x00000000
  0.096 (0.000): C4474: pc: 020003bc Decode: SW r10=0x00900038, r0=0x00000000, imm=0x00000000
  0.096 (0.000): C4477: pc: 020003c0 Decode: ADDI r11=0xfffffffa, r1=0x02000370, imm=0x00000001
  0.096 (0.000): C4480: pc: 020003c4 Decode: ADDI r10=0x00900038, r4=0x00000000, imm=0x00000004
  0.096 (0.000): C4483: pc: 020003c8 Decode: BGEU r11=0xfffffffb, r12=0xfffffffa, imm=0xfffffff0
  0.096 (0.000): C4486: pc: 020003b8 Decode: ADDI r11=0xfffffffb, r0=0x00000000, imm=0x00000000
  0.096 (0.000): C4489: pc: 020003bc Decode: SW r10=0x0090003c, r0=0x00000000, imm=0x00000000
  0.096 (0.000): C4492: pc: 020003c0 Decode: ADDI r11=0xfffffffb, r1=0x02000370, imm=0x00000001
  0.096 (0.000): C4495: pc: 020003c4 Decode: ADDI r10=0x0090003c, r4=0x00000000, imm=0x00000004
  0.096 (0.000): C4498: pc: 020003c8 Decode: BGEU r11=0xfffffffc, r12=0xfffffffb, imm=0xfffffff0
  0.096 (0.000): C4501: pc: 020003b8 Decode: ADDI r11=0xfffffffc, r0=0x00000000, imm=0x00000000
  0.096 (0.000): C4504: pc: 020003bc Decode: SW r10=0x00900040, r0=0x00000000, imm=0x00000000
  0.096 (0.000): C4507: pc: 020003c0 Decode: ADDI r11=0xfffffffc, r1=0x02000370, imm=0x00000001
  0.096 (0.000): C4510: pc: 020003c4 Decode: ADDI r10=0x00900040, r4=0x00000000, imm=0x00000004
  0.096 (0.000): C4513: pc: 020003c8 Decode: BGEU r11=0xfffffffd, r12=0xfffffffc, imm=0xfffffff0
  0.096 (0.000): C4516: pc: 020003b8 Decode: ADDI r11=0xfffffffd, r0=0x00000000, imm=0x00000000
  0.096 (0.000): C4519: pc: 020003bc Decode: SW r10=0x00900044, r0=0x00000000, imm=0x00000000
  0.096 (0.000): C4522: pc: 020003c0 Decode: ADDI r11=0xfffffffd, r1=0x02000370, imm=0x00000001
  0.096 (0.000): C4525: pc: 020003c4 Decode: ADDI r10=0x00900044, r4=0x00000000, imm=0x00000004
  0.096 (0.000): C4528: pc: 020003c8 Decode: BGEU r11=0xfffffffe, r12=0xfffffffd, imm=0xfffffff0
  0.096 (0.000): C4531: pc: 020003b8 Decode: ADDI r11=0xfffffffe, r0=0x00000000, imm=0x00000000
  0.096 (0.000): C4534: pc: 020003bc Decode: SW r10=0x00900048, r0=0x00000000, imm=0x00000000
  0.096 (0.000): C4537: pc: 020003c0 Decode: ADDI r11=0xfffffffe, r1=0x02000370, imm=0x00000001
  0.096 (0.000): C4540: pc: 020003c4 Decode: ADDI r10=0x00900048, r4=0x00000000, imm=0x00000004
  0.096 (0.000): C4543: pc: 020003c8 Decode: BGEU r11=0xffffffff, r12=0xfffffffe, imm=0xfffffff0
  0.096 (0.000): C4546: pc: 020003b8 Decode: ADDI r11=0xffffffff, r0=0x00000000, imm=0x00000000
  0.096 (0.000): C4549: pc: 020003bc Decode: SW r10=0x0090004c, r0=0x00000000, imm=0x00000000
  0.097 (0.000): C4552: pc: 020003c0 Decode: ADDI r11=0xffffffff, r1=0x02000370, imm=0x00000001
  0.097 (0.000): C4555: pc: 020003c4 Decode: ADDI r10=0x0090004c, r4=0x00000000, imm=0x00000004
  0.097 (0.000): C4558: pc: 020003c8 Decode: BGEU r11=0x00000000, r12=0xffffffff, imm=0xfffffff0
  0.097 (0.000): C4561: pc: 020003cc Decode: JAL r0=0x00000000, r12=0xffffffff, imm=0x000000ac
  0.097 (0.000): C4564: pc: 02000478 Decode: SW r8=0x00900030, r9=0x00000008, imm=0x00000020
  0.097 (0.000): C4567: pc: 0200047c Decode: ADDI r8=0x00900030, r0=0x00000000, imm=0x00000000
  0.097 (0.000): C4570: pc: 02000480 Decode: AUIPC r0=0x00000000, r0=0x00000000, imm=0x00000000
  0.097 (0.000): C4573: pc: 02000484 Decode: JALR r1=0x02000480, r24=0x00000000, imm=0x000005f8
  0.097 (0.000): C4576: pc: 02000a78 Decode: JALR r1=0x02000488, r0=0x00000000, imm=0x00000000
  0.097 (0.000): C4579: pc: 02000488 Decode: LUI r0=0x00000000, r9=0x00000008, imm=0x00900000
  0.097 (0.000): C4582: pc: 0200048c Decode: LW r10=0x00900000, r4=0x00000000, imm=0x00000004
  0.097 (0.000): C4585: pc: 02000490 Decode: ADDI r11=0x00000000, r1=0x02000488, imm=0x00000001
  0.097 (0.000): C4588: pc: 02000494 Decode: SW r10=0x00900000, r12=0x00000001, imm=0x00000004
  0.097 (0.000): C4591: pc: 02000498 Decode: SLLI r11=0x00000000, r4=0x00000000, imm=0x00000004
  0.097 (0.000): C4594: pc: 0200049c Decode: LUI r0=0x00000000, r10=0x00000000, imm=0x02a00000
  0.097 (0.000): C4597: pc: 020004a0 Decode: ADD r10=0x00000000, r11=0x02a00000, imm=0x00000000
  0.097 (0.000): C4600: pc: 020004a4 Decode: SW r10=0x02a00000, r0=0x00000000, imm=0x00000000
  0.097 (0.000): C4603: pc: 020004a8 Decode: LW r2=0x008fffcc, r12=0x00000001, imm=0x0000002c
  0.097 (0.000): C4606: pc: 020004ac Decode: LW r2=0x008fffcc, r8=0x00900030, imm=0x00000028
  0.097 (0.000): C4609: pc: 020004b0 Decode: LW r2=0x008fffcc, r4=0x00000000, imm=0x00000024
  0.097 (0.000): C4612: pc: 020004b4 Decode: LW r2=0x008fffcc, r0=0x00000000, imm=0x00000020
  0.097 (0.000): C4615: pc: 020004b8 Decode: LW r2=0x008fffcc, r28=0x00000000, imm=0x0000001c
  0.097 (0.000): C4618: pc: 020004bc Decode: LW r2=0x008fffcc, r24=0x00000000, imm=0x00000018
  0.097 (0.000): C4621: pc: 020004c0 Decode: ADDI r2=0x008fffcc, r16=0x00000000, imm=0x00000030
  0.097 (0.000): C4624: pc: 020004c4 Decode: JALR r1=0x0200001c, r0=0x00000000, imm=0x00000000
  0.097 (0.000): C4627: pc: 0200001c Decode: AUIPC r0=0x00000000, r9=0x00000000, imm=0xfe900000
  0.097 (0.000): C4630: pc: 02000020 Decode: ADDI r10=0x0090001c, r20=0x00000000, imm=0x00000014
  0.097 (0.000): C4633: pc: 02000024 Decode: LW r10=0x00900030, r0=0x00000000, imm=0x00000000
  0.097 (0.000): C4636: pc: 02000028 Decode: LW r10=0x00900030, r4=0x00000000, imm=0x00000004
  0.097 (0.000): C4639: pc: 0200002c Decode: LW r10=0x00900030, r8=0x00000000, imm=0x00000008
  0.097 (0.000): C4642: pc: 02000030 Decode: LW r10=0x00900030, r12=0x00000001, imm=0x0000000c
  0.097 (0.000): C4645: pc: 02000034 Decode: LW r10=0x00900030, r16=0x00000000, imm=0x00000010
  0.098 (0.000): C4648: pc: 02000038 Decode: LW r10=0x00900030, r20=0x00000000, imm=0x00000014
  0.098 (0.000): C4651: pc: 0200003c Decode: LW r10=0x00900030, r24=0x00000000, imm=0x00000018
  0.098 (0.000): C4654: pc: 02000040 Decode: LW r10=0x00900030, r28=0x00000000, imm=0x0000001c
  0.098 (0.000): C4657: pc: 02000044 Decode: LW r10=0x00900030, r0=0x00000000, imm=0x00000020
  0.098 (0.000): C4660: pc: 02000048 Decode: HALT r0=0x00000000, r0=0x00000000, imm=0x00000000
